Performing C SOURCE FILE Test CMAKE_HAVE_LIBC_PTHREAD failed with the following output:
Change Dir: /home/sontung/graphics/DrawSVG/debug/CMakeFiles/CMakeTmp

Run Build Command(s):/usr/bin/make -f Makefile cmTC_95584/fast && /usr/bin/make  -f CMakeFiles/cmTC_95584.dir/build.make CMakeFiles/cmTC_95584.dir/build
make[1]: Entering directory '/home/sontung/graphics/DrawSVG/debug/CMakeFiles/CMakeTmp'
Building C object CMakeFiles/cmTC_95584.dir/src.c.o
/usr/bin/cc -DCMAKE_HAVE_LIBC_PTHREAD   -o CMakeFiles/cmTC_95584.dir/src.c.o -c /home/sontung/graphics/DrawSVG/debug/CMakeFiles/CMakeTmp/src.c
Linking C executable cmTC_95584
/home/sontung/bin/cmake -E cmake_link_script CMakeFiles/cmTC_95584.dir/link.txt --verbose=1
/usr/bin/cc -rdynamic CMakeFiles/cmTC_95584.dir/src.c.o -o cmTC_95584 
CMakeFiles/cmTC_95584.dir/src.c.o: In function `main':
src.c:(.text+0x3e): undefined reference to `pthread_create'
src.c:(.text+0x4a): undefined reference to `pthread_detach'
src.c:(.text+0x56): undefined reference to `pthread_cancel'
src.c:(.text+0x67): undefined reference to `pthread_join'
src.c:(.text+0x7b): undefined reference to `pthread_atfork'
collect2: error: ld returned 1 exit status
CMakeFiles/cmTC_95584.dir/build.make:98: recipe for target 'cmTC_95584' failed
make[1]: *** [cmTC_95584] Error 1
make[1]: Leaving directory '/home/sontung/graphics/DrawSVG/debug/CMakeFiles/CMakeTmp'
Makefile:127: recipe for target 'cmTC_95584/fast' failed
make: *** [cmTC_95584/fast] Error 2


Source file was:
#include <pthread.h>

static void* test_func(void* data)
{
  return data;
}

int main(void)
{
  pthread_t thread;
  pthread_create(&thread, NULL, test_func, NULL);
  pthread_detach(thread);
  pthread_cancel(thread);
  pthread_join(thread, NULL);
  pthread_atfork(NULL, NULL, NULL);
  pthread_exit(NULL);

  return 0;
}

Determining if the function pthread_create exists in the pthreads failed with the following output:
Change Dir: /home/sontung/graphics/DrawSVG/debug/CMakeFiles/CMakeTmp

Run Build Command(s):/usr/bin/make -f Makefile cmTC_f918a/fast && /usr/bin/make  -f CMakeFiles/cmTC_f918a.dir/build.make CMakeFiles/cmTC_f918a.dir/build
make[1]: Entering directory '/home/sontung/graphics/DrawSVG/debug/CMakeFiles/CMakeTmp'
Building C object CMakeFiles/cmTC_f918a.dir/CheckFunctionExists.c.o
/usr/bin/cc   -DCHECK_FUNCTION_EXISTS=pthread_create -o CMakeFiles/cmTC_f918a.dir/CheckFunctionExists.c.o -c /home/sontung/share/cmake-3.20/Modules/CheckFunctionExists.c
Linking C executable cmTC_f918a
/home/sontung/bin/cmake -E cmake_link_script CMakeFiles/cmTC_f918a.dir/link.txt --verbose=1
/usr/bin/cc  -DCHECK_FUNCTION_EXISTS=pthread_create -rdynamic CMakeFiles/cmTC_f918a.dir/CheckFunctionExists.c.o -o cmTC_f918a  -lpthreads 
/usr/bin/ld: cannot find -lpthreads
collect2: error: ld returned 1 exit status
CMakeFiles/cmTC_f918a.dir/build.make:98: recipe for target 'cmTC_f918a' failed
make[1]: *** [cmTC_f918a] Error 1
make[1]: Leaving directory '/home/sontung/graphics/DrawSVG/debug/CMakeFiles/CMakeTmp'
Makefile:127: recipe for target 'cmTC_f918a/fast' failed
make: *** [cmTC_f918a/fast] Error 2



Performing C SOURCE FILE Test CMAKE_HAVE_LIBC_PTHREAD failed with the following output:
Change Dir: /home/sontung/graphics/DrawSVG/debug/CMakeFiles/CMakeTmp

Run Build Command(s):/usr/bin/make -f Makefile cmTC_ed3fd/fast && /usr/bin/make  -f CMakeFiles/cmTC_ed3fd.dir/build.make CMakeFiles/cmTC_ed3fd.dir/build
make[1]: Entering directory '/home/sontung/graphics/DrawSVG/debug/CMakeFiles/CMakeTmp'
Building C object CMakeFiles/cmTC_ed3fd.dir/src.c.o
/usr/bin/cc -DCMAKE_HAVE_LIBC_PTHREAD   -o CMakeFiles/cmTC_ed3fd.dir/src.c.o -c /home/sontung/graphics/DrawSVG/debug/CMakeFiles/CMakeTmp/src.c
Linking C executable cmTC_ed3fd
/home/sontung/bin/cmake -E cmake_link_script CMakeFiles/cmTC_ed3fd.dir/link.txt --verbose=1
/usr/bin/cc -rdynamic CMakeFiles/cmTC_ed3fd.dir/src.c.o -o cmTC_ed3fd 
CMakeFiles/cmTC_ed3fd.dir/src.c.o: In function `main':
src.c:(.text+0x3e): undefined reference to `pthread_create'
src.c:(.text+0x4a): undefined reference to `pthread_detach'
src.c:(.text+0x56): undefined reference to `pthread_cancel'
src.c:(.text+0x67): undefined reference to `pthread_join'
src.c:(.text+0x7b): undefined reference to `pthread_atfork'
collect2: error: ld returned 1 exit status
CMakeFiles/cmTC_ed3fd.dir/build.make:98: recipe for target 'cmTC_ed3fd' failed
make[1]: *** [cmTC_ed3fd] Error 1
make[1]: Leaving directory '/home/sontung/graphics/DrawSVG/debug/CMakeFiles/CMakeTmp'
Makefile:127: recipe for target 'cmTC_ed3fd/fast' failed
make: *** [cmTC_ed3fd/fast] Error 2


Source file was:
#include <pthread.h>

static void* test_func(void* data)
{
  return data;
}

int main(void)
{
  pthread_t thread;
  pthread_create(&thread, NULL, test_func, NULL);
  pthread_detach(thread);
  pthread_cancel(thread);
  pthread_join(thread, NULL);
  pthread_atfork(NULL, NULL, NULL);
  pthread_exit(NULL);

  return 0;
}

Determining if the function pthread_create exists in the pthreads failed with the following output:
Change Dir: /home/sontung/graphics/DrawSVG/debug/CMakeFiles/CMakeTmp

Run Build Command(s):/usr/bin/make -f Makefile cmTC_c46fd/fast && /usr/bin/make  -f CMakeFiles/cmTC_c46fd.dir/build.make CMakeFiles/cmTC_c46fd.dir/build
make[1]: Entering directory '/home/sontung/graphics/DrawSVG/debug/CMakeFiles/CMakeTmp'
Building C object CMakeFiles/cmTC_c46fd.dir/CheckFunctionExists.c.o
/usr/bin/cc   -DCHECK_FUNCTION_EXISTS=pthread_create -o CMakeFiles/cmTC_c46fd.dir/CheckFunctionExists.c.o -c /home/sontung/share/cmake-3.20/Modules/CheckFunctionExists.c
Linking C executable cmTC_c46fd
/home/sontung/bin/cmake -E cmake_link_script CMakeFiles/cmTC_c46fd.dir/link.txt --verbose=1
/usr/bin/cc  -DCHECK_FUNCTION_EXISTS=pthread_create -rdynamic CMakeFiles/cmTC_c46fd.dir/CheckFunctionExists.c.o -o cmTC_c46fd  -lpthreads 
/usr/bin/ld: cannot find -lpthreads
collect2: error: ld returned 1 exit status
CMakeFiles/cmTC_c46fd.dir/build.make:98: recipe for target 'cmTC_c46fd' failed
make[1]: *** [cmTC_c46fd] Error 1
make[1]: Leaving directory '/home/sontung/graphics/DrawSVG/debug/CMakeFiles/CMakeTmp'
Makefile:127: recipe for target 'cmTC_c46fd/fast' failed
make: *** [cmTC_c46fd/fast] Error 2



